00:34:02 **** Incremental Build of configuration Debug for project W5_Interrupt_Toggle ****
make -j4 all 
arm-none-eabi-gcc "../Src/main.c" -mcpu=cortex-m4 -std=gnu11 -g3 -DDEBUG -DSTM32 -DSTM32F4 -DSTM32F446RETx -DNUCLEO_F446RE -c -I../Inc -I"/home/justjhst/바탕화면/Phase1_Self/W5_Interrupt_Toggle/Drivers" -I"/home/justjhst/바탕화면/Phase1_Self/W5_Interrupt_Toggle/Drivers" -O0 -ffunction-sections -fdata-sections -Wall -fstack-usage -fcyclomatic-complexity -MMD -MP -MF"Src/main.d" -MT"Src/main.o" --specs=nano.specs -mfpu=fpv4-sp-d16 -mfloat-abi=hard -mthumb -o "Src/main.o"
arm-none-eabi-gcc "../Src/syscalls.c" -mcpu=cortex-m4 -std=gnu11 -g3 -DDEBUG -DSTM32 -DSTM32F4 -DSTM32F446RETx -DNUCLEO_F446RE -c -I../Inc -I"/home/justjhst/바탕화면/Phase1_Self/W5_Interrupt_Toggle/Drivers" -I"/home/justjhst/바탕화면/Phase1_Self/W5_Interrupt_Toggle/Drivers" -O0 -ffunction-sections -fdata-sections -Wall -fstack-usage -fcyclomatic-complexity -MMD -MP -MF"Src/syscalls.d" -MT"Src/syscalls.o" --specs=nano.specs -mfpu=fpv4-sp-d16 -mfloat-abi=hard -mthumb -o "Src/syscalls.o"
arm-none-eabi-gcc "../Src/sysmem.c" -mcpu=cortex-m4 -std=gnu11 -g3 -DDEBUG -DSTM32 -DSTM32F4 -DSTM32F446RETx -DNUCLEO_F446RE -c -I../Inc -I"/home/justjhst/바탕화면/Phase1_Self/W5_Interrupt_Toggle/Drivers" -I"/home/justjhst/바탕화면/Phase1_Self/W5_Interrupt_Toggle/Drivers" -O0 -ffunction-sections -fdata-sections -Wall -fstack-usage -fcyclomatic-complexity -MMD -MP -MF"Src/sysmem.d" -MT"Src/sysmem.o" --specs=nano.specs -mfpu=fpv4-sp-d16 -mfloat-abi=hard -mthumb -o "Src/sysmem.o"
../Src/main.c:25:4: warning: #warning "FPU is not initialized, but the project is compiling for an FPU. Please initialize the FPU before use." [-Wcpp]
   25 |   #warning "FPU is not initialized, but the project is compiling for an FPU. Please initialize the FPU before use."
      |    ^~~~~~~
arm-none-eabi-gcc -o "W5_Interrupt_Toggle.elf" @"objects.list"   -mcpu=cortex-m4 -T"/home/justjhst/바탕화면/Phase1_Self/W5_Interrupt_Toggle/STM32F446RETX_FLASH.ld" --specs=nosys.specs -Wl,-Map="W5_Interrupt_Toggle.map" -Wl,--gc-sections -static --specs=nano.specs -mfpu=fpv4-sp-d16 -mfloat-abi=hard -mthumb -Wl,--start-group -lc -lm -Wl,--end-group
/opt/st/stm32cubeide_2.0.0/plugins/com.st.stm32cube.ide.mcu.externaltools.gnu-tools-for-stm32.13.3.rel1.linux64_1.0.100.202509120712/tools/bin/../lib/gcc/arm-none-eabi/13.3.1/../../../../arm-none-eabi/bin/ld: ./Src/main.o: in function `main':
/home/justjhst/바탕화면/Phase1_Self/W5_Interrupt_Toggle/Debug/../Src/main.c:38:(.text.main+0x22): undefined reference to `GPIO_PeriClockControl'
/opt/st/stm32cubeide_2.0.0/plugins/com.st.stm32cube.ide.mcu.externaltools.gnu-tools-for-stm32.13.3.rel1.linux64_1.0.100.202509120712/tools/bin/../lib/gcc/arm-none-eabi/13.3.1/../../../../arm-none-eabi/bin/ld: /home/justjhst/바탕화면/Phase1_Self/W5_Interrupt_Toggle/Debug/../Src/main.c:39:(.text.main+0x2c): undefined reference to `GPIO_Init'
/opt/st/stm32cubeide_2.0.0/plugins/com.st.stm32cube.ide.mcu.externaltools.gnu-tools-for-stm32.13.3.rel1.linux64_1.0.100.202509120712/tools/bin/../lib/gcc/arm-none-eabi/13.3.1/../../../../arm-none-eabi/bin/ld: /home/justjhst/바탕화면/Phase1_Self/W5_Interrupt_Toggle/Debug/../Src/main.c:49:(.text.main+0x4c): undefined reference to `GPIO_PeriClockControl'
/opt/st/stm32cubeide_2.0.0/plugins/com.st.stm32cube.ide.mcu.externaltools.gnu-tools-for-stm32.13.3.rel1.linux64_1.0.100.202509120712/tools/bin/../lib/gcc/arm-none-eabi/13.3.1/../../../../arm-none-eabi/bin/ld: /home/justjhst/바탕화면/Phase1_Self/W5_Interrupt_Toggle/Debug/../Src/main.c:50:(.text.main+0x54): undefined reference to `GPIO_Init'
/opt/st/stm32cubeide_2.0.0/plugins/com.st.stm32cube.ide.mcu.externaltools.gnu-tools-for-stm32.13.3.rel1.linux64_1.0.100.202509120712/tools/bin/../lib/gcc/arm-none-eabi/13.3.1/../../../../arm-none-eabi/bin/ld: /home/justjhst/바탕화면/Phase1_Self/W5_Interrupt_Toggle/Debug/../Src/main.c:52:(.text.main+0x5e): undefined reference to `GPIO_IRQConfig'
/opt/st/stm32cubeide_2.0.0/plugins/com.st.stm32cube.ide.mcu.externaltools.gnu-tools-for-stm32.13.3.rel1.linux64_1.0.100.202509120712/tools/bin/../lib/gcc/arm-none-eabi/13.3.1/../../../../arm-none-eabi/bin/ld: ./Src/main.o: in function `EXTI15_10_IRQHandler':
/home/justjhst/바탕화면/Phase1_Self/W5_Interrupt_Toggle/Debug/../Src/main.c:68:(.text.EXTI15_10_IRQHandler+0x6): undefined reference to `GPIO_IRQHandling'
collect2: error: ld returned 1 exit status
make: *** [makefile:63: W5_Interrupt_Toggle.elf] Error 1
"make -j4 all" terminated with exit code 2. Build might be incomplete.

00:34:02 Build Failed. 7 errors, 1 warnings. (took 172ms)

